<?xml version="1.0" encoding="UTF-8"?>
<testsuite xmlns:xsi="http://www.w3.org/2001/XMLSchema-instance" xsi:noNamespaceSchemaLocation="https://maven.apache.org/surefire/maven-surefire-plugin/xsd/surefire-test-report.xsd" version="3.0.2" name="TestSuite" time="372.151" tests="3" errors="0" skipped="0" failures="0">
  <properties>
    <property name="sun.desktop" value="windows"/>
    <property name="awt.toolkit" value="sun.awt.windows.WToolkit"/>
    <property name="java.specification.version" value="11"/>
    <property name="webdriver.chrome.driver" value="C:\Users\gyana\.cache\selenium\chromedriver\win64\135.0.7049.95\chromedriver.exe"/>
    <property name="sun.cpu.isalist" value="amd64"/>
    <property name="sun.jnu.encoding" value="Cp1252"/>
    <property name="java.class.path" value="C:\Users\gyana\IdeaProjects\CICDPipelineTest\target\test-classes;C:\Users\gyana\IdeaProjects\CICDPipelineTest\target\classes;C:\Users\gyana\.m2\repository\org\testng\testng\7.1.0\testng-7.1.0.jar;C:\Users\gyana\.m2\repository\com\beust\jcommander\1.72\jcommander-1.72.jar;C:\Users\gyana\.m2\repository\com\google\inject\guice\4.1.0\guice-4.1.0-no_aop.jar;C:\Users\gyana\.m2\repository\javax\inject\javax.inject\1\javax.inject-1.jar;C:\Users\gyana\.m2\repository\aopalliance\aopalliance\1.0\aopalliance-1.0.jar;C:\Users\gyana\.m2\repository\org\yaml\snakeyaml\1.21\snakeyaml-1.21.jar;C:\Users\gyana\.m2\repository\io\github\bonigarcia\webdrivermanager\5.7.0\webdrivermanager-5.7.0.jar;C:\Users\gyana\.m2\repository\org\slf4j\slf4j-api\2.0.12\slf4j-api-2.0.12.jar;C:\Users\gyana\.m2\repository\com\google\code\gson\gson\2.10.1\gson-2.10.1.jar;C:\Users\gyana\.m2\repository\com\github\docker-java\docker-java\3.3.5\docker-java-3.3.5.jar;C:\Users\gyana\.m2\repository\com\github\docker-java\docker-java-core\3.3.5\docker-java-core-3.3.5.jar;C:\Users\gyana\.m2\repository\com\github\docker-java\docker-java-api\3.3.5\docker-java-api-3.3.5.jar;C:\Users\gyana\.m2\repository\org\bouncycastle\bcpkix-jdk18on\1.76\bcpkix-jdk18on-1.76.jar;C:\Users\gyana\.m2\repository\org\bouncycastle\bcprov-jdk18on\1.76\bcprov-jdk18on-1.76.jar;C:\Users\gyana\.m2\repository\org\bouncycastle\bcutil-jdk18on\1.76\bcutil-jdk18on-1.76.jar;C:\Users\gyana\.m2\repository\org\slf4j\jcl-over-slf4j\1.7.30\jcl-over-slf4j-1.7.30.jar;C:\Users\gyana\.m2\repository\com\github\docker-java\docker-java-transport-httpclient5\3.3.5\docker-java-transport-httpclient5-3.3.5.jar;C:\Users\gyana\.m2\repository\com\github\docker-java\docker-java-transport\3.3.5\docker-java-transport-3.3.5.jar;C:\Users\gyana\.m2\repository\net\java\dev\jna\jna\5.13.0\jna-5.13.0.jar;C:\Users\gyana\.m2\repository\org\brotli\dec\0.1.2\dec-0.1.2.jar;C:\Users\gyana\.m2\repository\org\apache\commons\commons-lang3\3.14.0\commons-lang3-3.14.0.jar;C:\Users\gyana\.m2\repository\org\apache\commons\commons-compress\1.26.0\commons-compress-1.26.0.jar;C:\Users\gyana\.m2\repository\org\apache\httpcomponents\client5\httpclient5\5.2.1\httpclient5-5.2.1.jar;C:\Users\gyana\.m2\repository\org\apache\httpcomponents\core5\httpcore5\5.2\httpcore5-5.2.jar;C:\Users\gyana\.m2\repository\org\apache\httpcomponents\core5\httpcore5-h2\5.2\httpcore5-h2-5.2.jar;C:\Users\gyana\.m2\repository\org\ini4j\ini4j\0.5.4\ini4j-0.5.4.jar;C:\Users\gyana\.m2\repository\org\apache\poi\poi\3.17\poi-3.17.jar;C:\Users\gyana\.m2\repository\commons-codec\commons-codec\1.10\commons-codec-1.10.jar;C:\Users\gyana\.m2\repository\org\apache\commons\commons-collections4\4.1\commons-collections4-4.1.jar;C:\Users\gyana\.m2\repository\org\apache\poi\poi-ooxml\3.17\poi-ooxml-3.17.jar;C:\Users\gyana\.m2\repository\com\github\virtuald\curvesapi\1.04\curvesapi-1.04.jar;C:\Users\gyana\.m2\repository\org\apache\poi\poi-ooxml-schemas\3.17\poi-ooxml-schemas-3.17.jar;C:\Users\gyana\.m2\repository\org\apache\xmlbeans\xmlbeans\2.6.0\xmlbeans-2.6.0.jar;C:\Users\gyana\.m2\repository\stax\stax-api\1.0.1\stax-api-1.0.1.jar;C:\Users\gyana\.m2\repository\org\apache\poi\poi-scratchpad\3.17\poi-scratchpad-3.17.jar;C:\Users\gyana\.m2\repository\org\seleniumhq\selenium\selenium-java\3.141.59\selenium-java-3.141.59.jar;C:\Users\gyana\.m2\repository\org\seleniumhq\selenium\selenium-api\3.141.59\selenium-api-3.141.59.jar;C:\Users\gyana\.m2\repository\org\seleniumhq\selenium\selenium-chrome-driver\3.141.59\selenium-chrome-driver-3.141.59.jar;C:\Users\gyana\.m2\repository\org\seleniumhq\selenium\selenium-edge-driver\3.141.59\selenium-edge-driver-3.141.59.jar;C:\Users\gyana\.m2\repository\org\seleniumhq\selenium\selenium-firefox-driver\3.141.59\selenium-firefox-driver-3.141.59.jar;C:\Users\gyana\.m2\repository\org\seleniumhq\selenium\selenium-ie-driver\3.141.59\selenium-ie-driver-3.141.59.jar;C:\Users\gyana\.m2\repository\org\seleniumhq\selenium\selenium-opera-driver\3.141.59\selenium-opera-driver-3.141.59.jar;C:\Users\gyana\.m2\repository\org\seleniumhq\selenium\selenium-remote-driver\3.141.59\selenium-remote-driver-3.141.59.jar;C:\Users\gyana\.m2\repository\org\seleniumhq\selenium\selenium-safari-driver\3.141.59\selenium-safari-driver-3.141.59.jar;C:\Users\gyana\.m2\repository\org\seleniumhq\selenium\selenium-support\3.141.59\selenium-support-3.141.59.jar;C:\Users\gyana\.m2\repository\net\bytebuddy\byte-buddy\1.8.15\byte-buddy-1.8.15.jar;C:\Users\gyana\.m2\repository\org\apache\commons\commons-exec\1.3\commons-exec-1.3.jar;C:\Users\gyana\.m2\repository\com\google\guava\guava\25.0-jre\guava-25.0-jre.jar;C:\Users\gyana\.m2\repository\com\google\code\findbugs\jsr305\1.3.9\jsr305-1.3.9.jar;C:\Users\gyana\.m2\repository\org\checkerframework\checker-compat-qual\2.0.0\checker-compat-qual-2.0.0.jar;C:\Users\gyana\.m2\repository\com\google\errorprone\error_prone_annotations\2.1.3\error_prone_annotations-2.1.3.jar;C:\Users\gyana\.m2\repository\com\google\j2objc\j2objc-annotations\1.1\j2objc-annotations-1.1.jar;C:\Users\gyana\.m2\repository\org\codehaus\mojo\animal-sniffer-annotations\1.14\animal-sniffer-annotations-1.14.jar;C:\Users\gyana\.m2\repository\com\squareup\okhttp3\okhttp\3.11.0\okhttp-3.11.0.jar;C:\Users\gyana\.m2\repository\com\squareup\okio\okio\1.14.0\okio-1.14.0.jar;C:\Users\gyana\.m2\repository\com\fasterxml\jackson\core\jackson-databind\2.13.4.2\jackson-databind-2.13.4.2.jar;C:\Users\gyana\.m2\repository\com\fasterxml\jackson\core\jackson-annotations\2.13.4\jackson-annotations-2.13.4.jar;C:\Users\gyana\.m2\repository\com\fasterxml\jackson\core\jackson-core\2.13.4\jackson-core-2.13.4.jar;C:\Users\gyana\.m2\repository\io\appium\java-client\7.0.0\java-client-7.0.0.jar;C:\Users\gyana\.m2\repository\org\apache\httpcomponents\httpclient\4.5.6\httpclient-4.5.6.jar;C:\Users\gyana\.m2\repository\org\apache\httpcomponents\httpcore\4.4.10\httpcore-4.4.10.jar;C:\Users\gyana\.m2\repository\commons-logging\commons-logging\1.2\commons-logging-1.2.jar;C:\Users\gyana\.m2\repository\cglib\cglib\3.2.8\cglib-3.2.8.jar;C:\Users\gyana\.m2\repository\org\ow2\asm\asm\6.2.1\asm-6.2.1.jar;C:\Users\gyana\.m2\repository\org\apache\ant\ant\1.10.3\ant-1.10.3.jar;C:\Users\gyana\.m2\repository\org\apache\ant\ant-launcher\1.10.3\ant-launcher-1.10.3.jar;C:\Users\gyana\.m2\repository\commons-validator\commons-validator\1.6\commons-validator-1.6.jar;C:\Users\gyana\.m2\repository\commons-beanutils\commons-beanutils\1.9.2\commons-beanutils-1.9.2.jar;C:\Users\gyana\.m2\repository\commons-digester\commons-digester\1.8.1\commons-digester-1.8.1.jar;C:\Users\gyana\.m2\repository\commons-collections\commons-collections\3.2.2\commons-collections-3.2.2.jar;C:\Users\gyana\.m2\repository\commons-io\commons-io\2.6\commons-io-2.6.jar;C:\Users\gyana\.m2\repository\org\springframework\spring-context\5.1.0.RELEASE\spring-context-5.1.0.RELEASE.jar;C:\Users\gyana\.m2\repository\org\springframework\spring-aop\5.1.0.RELEASE\spring-aop-5.1.0.RELEASE.jar;C:\Users\gyana\.m2\repository\org\springframework\spring-beans\5.1.0.RELEASE\spring-beans-5.1.0.RELEASE.jar;C:\Users\gyana\.m2\repository\org\springframework\spring-core\5.1.0.RELEASE\spring-core-5.1.0.RELEASE.jar;C:\Users\gyana\.m2\repository\org\springframework\spring-jcl\5.1.0.RELEASE\spring-jcl-5.1.0.RELEASE.jar;C:\Users\gyana\.m2\repository\org\springframework\spring-expression\5.1.0.RELEASE\spring-expression-5.1.0.RELEASE.jar;C:\Users\gyana\.m2\repository\org\aspectj\aspectjweaver\1.9.1\aspectjweaver-1.9.1.jar;C:\Users\gyana\.m2\repository\com\aventstack\extentreports\5.0.7\extentreports-5.0.7.jar;C:\Users\gyana\.m2\repository\io\reactivex\rxjava3\rxjava\3.0.4\rxjava-3.0.4.jar;C:\Users\gyana\.m2\repository\org\reactivestreams\reactive-streams\1.0.3\reactive-streams-1.0.3.jar;C:\Users\gyana\.m2\repository\org\freemarker\freemarker\2.3.30\freemarker-2.3.30.jar;C:\Users\gyana\.m2\repository\org\projectlombok\lombok\1.18.12\lombok-1.18.12.jar;"/>
    <property name="java.vm.vendor" value="Oracle Corporation"/>
    <property name="sun.arch.data.model" value="64"/>
    <property name="user.variant" value=""/>
    <property name="java.vendor.url" value="https://openjdk.java.net/"/>
    <property name="user.timezone" value="Asia/Calcutta"/>
    <property name="java.vm.specification.version" value="11"/>
    <property name="os.name" value="Windows 10"/>
    <property name="sun.java.launcher" value="SUN_STANDARD"/>
    <property name="user.country" value="IN"/>
    <property name="sun.boot.library.path" value="C:\Program Files\Java\jdk-11\bin"/>
    <property name="sun.java.command" value="C:\Users\gyana\AppData\Local\Temp\surefire9977565953909623853\surefirebooter-20250420114649532_3.jar C:\Users\gyana\AppData\Local\Temp\surefire9977565953909623853 2025-04-20T11-46-48_218-jvmRun1 surefire-20250420114649532_1tmp surefire_0-20250420114649532_2tmp"/>
    <property name="jdk.debug" value="release"/>
    <property name="surefire.test.class.path" value="C:\Users\gyana\IdeaProjects\CICDPipelineTest\target\test-classes;C:\Users\gyana\IdeaProjects\CICDPipelineTest\target\classes;C:\Users\gyana\.m2\repository\org\testng\testng\7.1.0\testng-7.1.0.jar;C:\Users\gyana\.m2\repository\com\beust\jcommander\1.72\jcommander-1.72.jar;C:\Users\gyana\.m2\repository\com\google\inject\guice\4.1.0\guice-4.1.0-no_aop.jar;C:\Users\gyana\.m2\repository\javax\inject\javax.inject\1\javax.inject-1.jar;C:\Users\gyana\.m2\repository\aopalliance\aopalliance\1.0\aopalliance-1.0.jar;C:\Users\gyana\.m2\repository\org\yaml\snakeyaml\1.21\snakeyaml-1.21.jar;C:\Users\gyana\.m2\repository\io\github\bonigarcia\webdrivermanager\5.7.0\webdrivermanager-5.7.0.jar;C:\Users\gyana\.m2\repository\org\slf4j\slf4j-api\2.0.12\slf4j-api-2.0.12.jar;C:\Users\gyana\.m2\repository\com\google\code\gson\gson\2.10.1\gson-2.10.1.jar;C:\Users\gyana\.m2\repository\com\github\docker-java\docker-java\3.3.5\docker-java-3.3.5.jar;C:\Users\gyana\.m2\repository\com\github\docker-java\docker-java-core\3.3.5\docker-java-core-3.3.5.jar;C:\Users\gyana\.m2\repository\com\github\docker-java\docker-java-api\3.3.5\docker-java-api-3.3.5.jar;C:\Users\gyana\.m2\repository\org\bouncycastle\bcpkix-jdk18on\1.76\bcpkix-jdk18on-1.76.jar;C:\Users\gyana\.m2\repository\org\bouncycastle\bcprov-jdk18on\1.76\bcprov-jdk18on-1.76.jar;C:\Users\gyana\.m2\repository\org\bouncycastle\bcutil-jdk18on\1.76\bcutil-jdk18on-1.76.jar;C:\Users\gyana\.m2\repository\org\slf4j\jcl-over-slf4j\1.7.30\jcl-over-slf4j-1.7.30.jar;C:\Users\gyana\.m2\repository\com\github\docker-java\docker-java-transport-httpclient5\3.3.5\docker-java-transport-httpclient5-3.3.5.jar;C:\Users\gyana\.m2\repository\com\github\docker-java\docker-java-transport\3.3.5\docker-java-transport-3.3.5.jar;C:\Users\gyana\.m2\repository\net\java\dev\jna\jna\5.13.0\jna-5.13.0.jar;C:\Users\gyana\.m2\repository\org\brotli\dec\0.1.2\dec-0.1.2.jar;C:\Users\gyana\.m2\repository\org\apache\commons\commons-lang3\3.14.0\commons-lang3-3.14.0.jar;C:\Users\gyana\.m2\repository\org\apache\commons\commons-compress\1.26.0\commons-compress-1.26.0.jar;C:\Users\gyana\.m2\repository\org\apache\httpcomponents\client5\httpclient5\5.2.1\httpclient5-5.2.1.jar;C:\Users\gyana\.m2\repository\org\apache\httpcomponents\core5\httpcore5\5.2\httpcore5-5.2.jar;C:\Users\gyana\.m2\repository\org\apache\httpcomponents\core5\httpcore5-h2\5.2\httpcore5-h2-5.2.jar;C:\Users\gyana\.m2\repository\org\ini4j\ini4j\0.5.4\ini4j-0.5.4.jar;C:\Users\gyana\.m2\repository\org\apache\poi\poi\3.17\poi-3.17.jar;C:\Users\gyana\.m2\repository\commons-codec\commons-codec\1.10\commons-codec-1.10.jar;C:\Users\gyana\.m2\repository\org\apache\commons\commons-collections4\4.1\commons-collections4-4.1.jar;C:\Users\gyana\.m2\repository\org\apache\poi\poi-ooxml\3.17\poi-ooxml-3.17.jar;C:\Users\gyana\.m2\repository\com\github\virtuald\curvesapi\1.04\curvesapi-1.04.jar;C:\Users\gyana\.m2\repository\org\apache\poi\poi-ooxml-schemas\3.17\poi-ooxml-schemas-3.17.jar;C:\Users\gyana\.m2\repository\org\apache\xmlbeans\xmlbeans\2.6.0\xmlbeans-2.6.0.jar;C:\Users\gyana\.m2\repository\stax\stax-api\1.0.1\stax-api-1.0.1.jar;C:\Users\gyana\.m2\repository\org\apache\poi\poi-scratchpad\3.17\poi-scratchpad-3.17.jar;C:\Users\gyana\.m2\repository\org\seleniumhq\selenium\selenium-java\3.141.59\selenium-java-3.141.59.jar;C:\Users\gyana\.m2\repository\org\seleniumhq\selenium\selenium-api\3.141.59\selenium-api-3.141.59.jar;C:\Users\gyana\.m2\repository\org\seleniumhq\selenium\selenium-chrome-driver\3.141.59\selenium-chrome-driver-3.141.59.jar;C:\Users\gyana\.m2\repository\org\seleniumhq\selenium\selenium-edge-driver\3.141.59\selenium-edge-driver-3.141.59.jar;C:\Users\gyana\.m2\repository\org\seleniumhq\selenium\selenium-firefox-driver\3.141.59\selenium-firefox-driver-3.141.59.jar;C:\Users\gyana\.m2\repository\org\seleniumhq\selenium\selenium-ie-driver\3.141.59\selenium-ie-driver-3.141.59.jar;C:\Users\gyana\.m2\repository\org\seleniumhq\selenium\selenium-opera-driver\3.141.59\selenium-opera-driver-3.141.59.jar;C:\Users\gyana\.m2\repository\org\seleniumhq\selenium\selenium-remote-driver\3.141.59\selenium-remote-driver-3.141.59.jar;C:\Users\gyana\.m2\repository\org\seleniumhq\selenium\selenium-safari-driver\3.141.59\selenium-safari-driver-3.141.59.jar;C:\Users\gyana\.m2\repository\org\seleniumhq\selenium\selenium-support\3.141.59\selenium-support-3.141.59.jar;C:\Users\gyana\.m2\repository\net\bytebuddy\byte-buddy\1.8.15\byte-buddy-1.8.15.jar;C:\Users\gyana\.m2\repository\org\apache\commons\commons-exec\1.3\commons-exec-1.3.jar;C:\Users\gyana\.m2\repository\com\google\guava\guava\25.0-jre\guava-25.0-jre.jar;C:\Users\gyana\.m2\repository\com\google\code\findbugs\jsr305\1.3.9\jsr305-1.3.9.jar;C:\Users\gyana\.m2\repository\org\checkerframework\checker-compat-qual\2.0.0\checker-compat-qual-2.0.0.jar;C:\Users\gyana\.m2\repository\com\google\errorprone\error_prone_annotations\2.1.3\error_prone_annotations-2.1.3.jar;C:\Users\gyana\.m2\repository\com\google\j2objc\j2objc-annotations\1.1\j2objc-annotations-1.1.jar;C:\Users\gyana\.m2\repository\org\codehaus\mojo\animal-sniffer-annotations\1.14\animal-sniffer-annotations-1.14.jar;C:\Users\gyana\.m2\repository\com\squareup\okhttp3\okhttp\3.11.0\okhttp-3.11.0.jar;C:\Users\gyana\.m2\repository\com\squareup\okio\okio\1.14.0\okio-1.14.0.jar;C:\Users\gyana\.m2\repository\com\fasterxml\jackson\core\jackson-databind\2.13.4.2\jackson-databind-2.13.4.2.jar;C:\Users\gyana\.m2\repository\com\fasterxml\jackson\core\jackson-annotations\2.13.4\jackson-annotations-2.13.4.jar;C:\Users\gyana\.m2\repository\com\fasterxml\jackson\core\jackson-core\2.13.4\jackson-core-2.13.4.jar;C:\Users\gyana\.m2\repository\io\appium\java-client\7.0.0\java-client-7.0.0.jar;C:\Users\gyana\.m2\repository\org\apache\httpcomponents\httpclient\4.5.6\httpclient-4.5.6.jar;C:\Users\gyana\.m2\repository\org\apache\httpcomponents\httpcore\4.4.10\httpcore-4.4.10.jar;C:\Users\gyana\.m2\repository\commons-logging\commons-logging\1.2\commons-logging-1.2.jar;C:\Users\gyana\.m2\repository\cglib\cglib\3.2.8\cglib-3.2.8.jar;C:\Users\gyana\.m2\repository\org\ow2\asm\asm\6.2.1\asm-6.2.1.jar;C:\Users\gyana\.m2\repository\org\apache\ant\ant\1.10.3\ant-1.10.3.jar;C:\Users\gyana\.m2\repository\org\apache\ant\ant-launcher\1.10.3\ant-launcher-1.10.3.jar;C:\Users\gyana\.m2\repository\commons-validator\commons-validator\1.6\commons-validator-1.6.jar;C:\Users\gyana\.m2\repository\commons-beanutils\commons-beanutils\1.9.2\commons-beanutils-1.9.2.jar;C:\Users\gyana\.m2\repository\commons-digester\commons-digester\1.8.1\commons-digester-1.8.1.jar;C:\Users\gyana\.m2\repository\commons-collections\commons-collections\3.2.2\commons-collections-3.2.2.jar;C:\Users\gyana\.m2\repository\commons-io\commons-io\2.6\commons-io-2.6.jar;C:\Users\gyana\.m2\repository\org\springframework\spring-context\5.1.0.RELEASE\spring-context-5.1.0.RELEASE.jar;C:\Users\gyana\.m2\repository\org\springframework\spring-aop\5.1.0.RELEASE\spring-aop-5.1.0.RELEASE.jar;C:\Users\gyana\.m2\repository\org\springframework\spring-beans\5.1.0.RELEASE\spring-beans-5.1.0.RELEASE.jar;C:\Users\gyana\.m2\repository\org\springframework\spring-core\5.1.0.RELEASE\spring-core-5.1.0.RELEASE.jar;C:\Users\gyana\.m2\repository\org\springframework\spring-jcl\5.1.0.RELEASE\spring-jcl-5.1.0.RELEASE.jar;C:\Users\gyana\.m2\repository\org\springframework\spring-expression\5.1.0.RELEASE\spring-expression-5.1.0.RELEASE.jar;C:\Users\gyana\.m2\repository\org\aspectj\aspectjweaver\1.9.1\aspectjweaver-1.9.1.jar;C:\Users\gyana\.m2\repository\com\aventstack\extentreports\5.0.7\extentreports-5.0.7.jar;C:\Users\gyana\.m2\repository\io\reactivex\rxjava3\rxjava\3.0.4\rxjava-3.0.4.jar;C:\Users\gyana\.m2\repository\org\reactivestreams\reactive-streams\1.0.3\reactive-streams-1.0.3.jar;C:\Users\gyana\.m2\repository\org\freemarker\freemarker\2.3.30\freemarker-2.3.30.jar;C:\Users\gyana\.m2\repository\org\projectlombok\lombok\1.18.12\lombok-1.18.12.jar;"/>
    <property name="sun.cpu.endian" value="little"/>
    <property name="user.home" value="C:\Users\gyana"/>
    <property name="user.language" value="en"/>
    <property name="java.specification.vendor" value="Oracle Corporation"/>
    <property name="java.version.date" value="2024-10-15"/>
    <property name="java.home" value="C:\Program Files\Java\jdk-11"/>
    <property name="file.separator" value="\"/>
    <property name="basedir" value="C:\Users\gyana\IdeaProjects\CICDPipelineTest"/>
    <property name="java.vm.compressedOopsMode" value="32-bit"/>
    <property name="line.separator" value="&#10;"/>
    <property name="java.specification.name" value="Java Platform API Specification"/>
    <property name="java.vm.specification.vendor" value="Oracle Corporation"/>
    <property name="java.awt.graphicsenv" value="sun.awt.Win32GraphicsEnvironment"/>
    <property name="surefire.real.class.path" value="C:\Users\gyana\AppData\Local\Temp\surefire9977565953909623853\surefirebooter-20250420114649532_3.jar"/>
    <property name="user.script" value=""/>
    <property name="sun.management.compiler" value="HotSpot 64-Bit Tiered Compilers"/>
    <property name="java.runtime.version" value="11.0.25+9-LTS-256"/>
    <property name="user.name" value="gyana"/>
    <property name="path.separator" value=";"/>
    <property name="os.version" value="10.0"/>
    <property name="java.runtime.name" value="Java(TM) SE Runtime Environment"/>
    <property name="file.encoding" value="Cp1252"/>
    <property name="java.vm.name" value="Java HotSpot(TM) 64-Bit Server VM"/>
    <property name="java.vendor.version" value="18.9"/>
    <property name="localRepository" value="C:\Users\gyana\.m2\repository"/>
    <property name="java.vendor.url.bug" value="https://bugreport.java.com/bugreport/"/>
    <property name="java.io.tmpdir" value="C:\Users\gyana\AppData\Local\Temp\"/>
    <property name="java.version" value="11.0.25"/>
    <property name="user.dir" value="C:\Users\gyana\IdeaProjects\CICDPipelineTest"/>
    <property name="os.arch" value="amd64"/>
    <property name="webdriver.gecko.driver" value="C:\Users\gyana\.cache\selenium\geckodriver\win64\0.36.0\geckodriver.exe"/>
    <property name="java.vm.specification.name" value="Java Virtual Machine Specification"/>
    <property name="java.awt.printerjob" value="sun.awt.windows.WPrinterJob"/>
    <property name="sun.os.patch.level" value=""/>
    <property name="java.library.path" value="C:\Program Files\Java\jdk-11\bin;C:\WINDOWS\Sun\Java\bin;C:\WINDOWS\system32;C:\WINDOWS;C:\Program Files (x86)\Intel\Intel(R) Management Engine Components\iCLS\;C:\Program Files\Intel\Intel(R) Management Engine Components\iCLS\;C:\WINDOWS\system32;C:\WINDOWS;C:\WINDOWS\System32\Wbem;C:\WINDOWS\System32\WindowsPowerShell\v1.0\;C:\Program Files (x86)\Intel\Intel(R) Management Engine Components\DAL;C:\Program Files\Intel\Intel(R) Management Engine Components\DAL;C:\Program Files (x86)\Intel\Intel(R) Management Engine Components\IPT;C:\Program Files\Intel\Intel(R) Management Engine Components\IPT;C:\Program Files\PuTTY\;C:\WINDOWS\System32\OpenSSH\;C:\Program Files\Intel\WiFi\bin\;C:\Program Files\Common Files\Intel\WirelessCommon\;C:\Program Files\Git\cmd;C:\Program Files\nodejs\;C:\Users\gyana\AppData\Local\Android\Sdk\tools;C:\Users\gyana\AppData\Local\Android\Sdk\platform-tools;C:\Users\gyana\AppData\Local\Android\Sdk;C:\Program Files\CorpLink\current\module\mdm\x64\policy\bin;C:\Program Files\Java\jdk-11\bin;C:\Users\gyana\apache-maven-3.9.9\bin;C:\Users\gyana\AppData\Local\Microsoft\WindowsApps;C:\Users\gyana\AppData\Roaming\npm;."/>
    <property name="java.vendor" value="Oracle Corporation"/>
    <property name="java.vm.info" value="mixed mode"/>
    <property name="java.vm.version" value="11.0.25+9-LTS-256"/>
    <property name="java.specification.maintenance.version" value="3"/>
    <property name="sun.io.unicode.encoding" value="UnicodeLittle"/>
    <property name="java.class.version" value="55.0"/>
  </properties>
  <testcase name="landonpage" classname="AMZEcommerceTest.AMZONReviewTest" time="137.998">
    <system-out><![CDATA[Next page button not found.
]]></system-out>
    <system-err><![CDATA[SLF4J(W): No SLF4J providers were found.
SLF4J(W): Defaulting to no-operation (NOP) logger implementation
SLF4J(W): See https://www.slf4j.org/codes.html#noProviders for further details.
Starting ChromeDriver 135.0.7049.95 (de2eb485a1951079e63bdb57ce25544d2dc79c15-refs/branch-heads/7049@{#1836}) on port 2791
Only local connections are allowed.
Please see https://chromedriver.chromium.org/security-considerations for suggestions on keeping ChromeDriver safe.
ChromeDriver was started successfully on port 2791.
Apr 20, 2025 11:47:08 AM org.openqa.selenium.remote.ProtocolHandshake createSession
INFO: Detected dialect: W3C
]]></system-err>
  </testcase>
  <testcase name="landonpageM" classname="AMZEcommerceTest.AMZONReviewTestMozila" time="128.059">
    <system-out><![CDATA[Next page button not found.
]]></system-out>
    <system-err><![CDATA[1745129955737	geckodriver	INFO	Listening on 127.0.0.1:15604
1745129955835	mozrunner::runner	INFO	Running command: "C:\\Program Files\\Mozilla Firefox\\firefox.exe" "--marionette" "-no-remote" "-profile" "C:\\Users\\gyana\\AppData\\Local\\Temp\\rust_mozprofilemvqwNA"
console.warn: services.settings: Ignoring preference override of remote settings server
console.warn: services.settings: Allow by setting MOZ_REMOTE_SETTINGS_DEVTOOLS=1 in the environment
1745129968813	Marionette	INFO	Marionette enabled
Dynamically enable window occlusion 0
1745129974355	Marionette	INFO	Listening on port 51345
Read port: 51345
1745129975805	RemoteAgent	WARN	TLS certificate errors will be ignored for this session
Apr 20, 2025 11:49:46 AM org.openqa.selenium.remote.ProtocolHandshake createSession
INFO: Detected dialect: W3C
JavaScript warning: https://www.amazon.in/, line 3645: WEBGL_debug_renderer_info is deprecated in Firefox and will be removed. Please use RENDERER.
JavaScript warning: https://m.media-amazon.com/images/I/71hE7IvdPvL.js?AUIClients/FWCIMAssets, line 298: WEBGL_debug_renderer_info is deprecated in Firefox and will be removed. Please use RENDERER.
JavaScript warning: https://www.amazon.in/s/ref=nb_sb_noss_1?url=search-alias%3Daps&field-keywords=Xiaomi+108+cm+%2843+inches%29+A+Pro+4K&crid=84SRJBSGQ5BC&sprefix=xiaomi+108+cm+43+inches+a+pro+4k%2Caps%2C778, line 9355: WEBGL_debug_renderer_info is deprecated in Firefox and will be removed. Please use RENDERER.
JavaScript warning: https://www.amazon.in/Xiaomi-inches-Vision-Google-L43MA-AUIN/dp/B0DBRL1SYQ/ref=sr_1_3?crid=84SRJBSGQ5BC&dib=eyJ2IjoiMSJ9.zSVY-OesP-cxuGTgA5yTVTHin_G-PKaNzN2f_HwI_eChREqdAGCfOeSJDmV6kn5w-GksJLcrH4KlRjt1irozcJR61KIpAnHmS7cp24FxPWpi8GZ3fd5f-5-tA5rgXFBMsO15guvm09kNJx4eLyQhZDXuhIDT2wXJp6jziWOCLbWRKMExgQftI4qCPNe8fAlCZ_cM36qwTxmBMFgI3AUoN5q_6XfHsnWZq6TVazuqASk.J4v5etRgHBUt_RF-ii7dTRovcs3zNcf_qPkUBDgLaGQ&dib_tag=se&keywords=Xiaomi+108+cm+%2843+inches%29+A+Pro+4K&nsdOptOutParam=true&qid=1745130002&sprefix=xiaomi+108+cm+43+inches+a+pro+4k%2Caps%2C778&sr=8-3, line 12782: WEBGL_debug_renderer_info is deprecated in Firefox and will be removed. Please use RENDERER.
JavaScript warning: https://www.amazon.in/ap/signin?openid.pape.max_auth_age=3600&openid.return_to=https%3A%2F%2Fwww.amazon.in%2Fproduct-reviews%2FB0DBRL1SYQ%2Fref%3Dcm_cr_dp_d_show_all_btm%3Fie%3DUTF8%26reviewerType%3Dall_reviews&openid.identity=http%3A%2F%2Fspecs.openid.net%2Fauth%2F2.0%2Fidentifier_select&openid.assoc_handle=inflex&openid.mode=checkid_setup&language=en_IN&openid.claimed_id=http%3A%2F%2Fspecs.openid.net%2Fauth%2F2.0%2Fidentifier_select&openid.ns=http%3A%2F%2Fspecs.openid.net%2Fauth%2F2.0, line 2633: WEBGL_debug_renderer_info is deprecated in Firefox and will be removed. Please use RENDERER.
console.warn: LoginRecipes: "Falling back to a synchronous message for: https://www.amazon.in."
console.warn: LoginRecipes: "Falling back to a synchronous message for: https://www.amazon.in."
JavaScript warning: https://images-eu.ssl-images-amazon.com/images/I/71NUiPvKWxL.js?AUIClients/FWCIMAssets, line 298: WEBGL_debug_renderer_info is deprecated in Firefox and will be removed. Please use RENDERER.
console.error: ({})
console.warn: LoginRecipes: "Falling back to a synchronous message for: https://www.amazon.in."
JavaScript warning: https://images-eu.ssl-images-amazon.com/images/I/81dH9+J7usL.js?AUIClients/FWCIMAssets, line 298: WEBGL_debug_renderer_info is deprecated in Firefox and will be removed. Please use RENDERER.
console.warn: LoginRecipes: "Falling back to a synchronous message for: https://www.amazon.in."
JavaScript warning: https://www.amazon.in/product-reviews/B0DBRL1SYQ/ref=cm_cr_dp_d_show_all_btm?ie=UTF8&reviewerType=all_reviews, line 4102: WEBGL_debug_renderer_info is deprecated in Firefox and will be removed. Please use RENDERER.
[Parent 17064, IPC I/O Parent] WARNING: Failed to launch utility subprocess @SetSecurityLevelForUtilityProcess (Error:0): file /builds/worker/checkouts/gecko/ipc/glue/GeckoChildProcessHost.cpp:805
[Parent 17064, IPC I/O Parent] WARNING: Failed to launch utility subprocess @SetSecurityLevelForUtilityProcess (Error:0): file /builds/worker/checkouts/gecko/ipc/glue/GeckoChildProcessHost.cpp:805
[Parent 17064, IPC I/O Parent] WARNING: Failed to launch utility subprocess @SetSecurityLevelForUtilityProcess (Error:0): file /builds/worker/checkouts/gecko/ipc/glue/GeckoChildProcessHost.cpp:805
JavaScript warning: https://m.media-amazon.com/images/I/71hE7IvdPvL.js?AUIClients/FWCIMAssets, line 298: WEBGL_debug_renderer_info is deprecated in Firefox and will be removed. Please use RENDERER.
[Parent 17064, IPC I/O Parent] WARNING: Failed to launch utility subprocess @SetSecurityLevelForUtilityProcess (Error:0): file /builds/worker/checkouts/gecko/ipc/glue/GeckoChildProcessHost.cpp:805
[Parent 17064, IPC I/O Parent] WARNING: Failed to launch utility subprocess @SetSecurityLevelForUtilityProcess (Error:0): file /builds/worker/checkouts/gecko/ipc/glue/GeckoChildProcessHost.cpp:805
[Parent 17064, IPC I/O Parent] WARNING: Failed to launch utility subprocess @SetSecurityLevelForUtilityProcess (Error:0): file /builds/worker/checkouts/gecko/ipc/glue/GeckoChildProcessHost.cpp:805
[Parent 17064, IPC I/O Parent] WARNING: Failed to launch utility subprocess @SetSecurityLevelForUtilityProcess (Error:0): file /builds/worker/checkouts/gecko/ipc/glue/GeckoChildProcessHost.cpp:805
[Parent 17064, IPC I/O Parent] WARNING: Failed to launch utility subprocess @SetSecurityLevelForUtilityProcess (Error:0): file /builds/worker/checkouts/gecko/ipc/glue/GeckoChildProcessHost.cpp:805
1745130075367	Marionette	INFO	Stopped listening on port 51345
JavaScript warning: https://www.amazon.in/s/ref=nb_sb_noss_1?url=search-alias%3Daps&field-keywords=Xiaomi+108+cm+%2843+inches%29+A+Pro+4K&crid=84SRJBSGQ5BC&sprefix=xiaomi+108+cm+43+inches+a+pro+4k%2Caps%2C778, line 9356: Script terminated by timeout at:
A@https://www.amazon.in/s/ref=nb_sb_noss_1?url=search-alias%3Daps&field-keywords=Xiaomi+108+cm+%2843+inches%29+A+Pro+4K&crid=84SRJBSGQ5BC&sprefix=xiaomi+108+cm+43+inches+a+pro+4k%2Caps%2C778:9356:748
T@https://www.amazon.in/s/ref=nb_sb_noss_1?url=search-alias%3Daps&field-keywords=Xiaomi+108+cm+%2843+inches%29+A+Pro+4K&crid=84SRJBSGQ5BC&sprefix=xiaomi+108+cm+43+inches+a+pro+4k%2Caps%2C778:9356:1172

JavaScript warning: https://m.media-amazon.com/images/I/41Z4BERiSyL.js, line 1: Script terminated by timeout at:
e@https://m.media-amazon.com/JavaScript warning: https://m.media-amazon.com/images/I/71hE7IvdPvL.js?AUIClients/FWCIMAssets, line 298: WEBGL_debug_renderer_info is deprecated in Firefox and will be removed. Please use RENDERER.
images/I/41Z4BERiSyL.js:1:7864

Dynamically enable window occlusion 1
console.error: "Could not download new icon" ({})
console.error: "Could not download new icon" ({})
]]></system-err>
  </testcase>
  <testcase name="landonpageM" classname="AMZEcommerceTest.AMZONReviewTestMozila" time="103.859">
    <system-out><![CDATA[PASSED: landonpage
PASSED: landonpageM

===============================================
    Amz Test
    Tests run: 2, Failures: 0, Skips: 0
===============================================

Next page button not found.
]]></system-out>
    <system-err><![CDATA[1745130080474	geckodriver	INFO	Listening on 127.0.0.1:38982
1745130080550	mozrunner::runner	INFO	Running command: "C:\\Program Files\\Mozilla Firefox\\firefox.exe" "--marionette" "-no-remote" "-profile" "C:\\Users\\gyana\\AppData\\Local\\Temp\\rust_mozprofileXi8Zln"
console.warn: services.settings: Ignoring preference override of remote settings server
console.warn: services.settings: Allow by setting MOZ_REMOTE_SETTINGS_DEVTOOLS=1 in the environment
1745130082103	Marionette	INFO	Marionette enabled
Dynamically enable window occlusion 0
1745130084239	Marionette	INFO	Listening on port 51807
Read port: 51807
1745130084746	RemoteAgent	WARN	TLS certificate errors will be ignored for this session
Apr 20, 2025 11:51:31 AM org.openqa.selenium.remote.ProtocolHandshake createSession
INFO: Detected dialect: W3C
JavaScript warning: https://www.amazon.in/, line 3744: WEBGL_debug_renderer_info is deprecated in Firefox and will be removed. Please use RENDERER.
JavaScript warning: https://m.media-amazon.com/images/I/71hE7IvdPvL.js?AUIClients/FWCIMAssets, line 298: WEBGL_debug_renderer_info is deprecated in Firefox and will be removed. Please use RENDERER.
JavaScript warning: https://www.amazon.in/s/ref=nb_sb_noss_1?url=search-alias%3Daps&field-keywords=Xiaomi+108+cm+%2843+inches%29+A+Pro+4K&crid=3RASZMISD60XE&sprefix=xiaomi+108+cm+43+inches+a+pro+4k%2Caps%2C733, line 8993: WEBGL_debug_renderer_info is deprecated in Firefox and will be removed. Please use RENDERER.
JavaScript warning: https://www.amazon.in/Xiaomi-inches-Vision-Google-L43MA-AUIN/dp/B0DBRL1SYQ/ref=sr_1_3?crid=3RASZMISD60XE&dib=eyJ2IjoiMSJ9.zSVY-OesP-cxuGTgA5yTVZ7w6_G1-vSudA1LYTntw_cI7UnD-9aJIIEMFd4Uuch0e0B7pxg4BvzOBLsnwjnbYT3SoNphXdIbf1mF72TZy0qu220aWE8ukU56oL-q90ZOsO15guvm09kNJx4eLyQhZIEomDxIl4UW6Jr3ymnzCkPak7bczDE-hUf2hF4IN3I1UeSF9V5HGfoZrORnH2KNy5E1ZumF67N99Odv1-8TUTQ.-cCFNM08PItiJKZH9vhXajvY66R_tywpGghwikPzlJw&dib_tag=se&keywords=Xiaomi+108+cm+%2843+inches%29+A+Pro+4K&nsdOptOutParam=true&qid=1745130105&sprefix=xiaomi+108+cm+43+inches+a+pro+4k%2Caps%2C733&sr=8-3, line 12860: WEBGL_debug_renderer_info is deprecated in Firefox and will be removed. Please use RENDERER.
JavaScript warning: https://www.amazon.in/ap/signin?openid.pape.max_auth_age=3600&openid.return_to=https%3A%2F%2Fwww.amazon.in%2Fproduct-reviews%2FB0DBRL1SYQ%2Fref%3Dcm_cr_dp_d_show_all_btm%3Fie%3DUTF8%26reviewerType%3Dall_reviews&openid.identity=http%3A%2F%2Fspecs.openid.net%2Fauth%2F2.0%2Fidentifier_select&openid.assoc_handle=inflex&openid.mode=checkid_setup&language=en_IN&openid.claimed_id=http%3A%2F%2Fspecs.openid.net%2Fauth%2F2.0%2Fidentifier_select&openid.ns=http%3A%2F%2Fspecs.openid.net%2Fauth%2F2.0, line 2656: WEBGL_debug_renderer_info is deprecated in Firefox and will be removed. Please use RENDERER.
console.warn: LoginRecipes: "Falling back to a synchronous message for: https://www.amazon.in."
console.warn: LoginRecipes: "Falling back to a synchronous message for: https://www.amazon.in."
JavaScript warning: https://images-eu.ssl-images-amazon.com/images/I/71NUiPvKWxL.js?AUIClients/FWCIMAssets, line 298: WEBGL_debug_renderer_info is deprecated in Firefox and will be removed. Please use RENDERER.
console.error: ({})
console.warn: LoginRecipes: "Falling back to a synchronous message for: https://www.amazon.in."
console.warn: LoginRecipes: "Falling back to a synchronous message for: https://www.amazon.in."
JavaScript warning: https://images-eu.ssl-images-amazon.com/images/I/81dH9+J7usL.js?AUIClients/FWCIMAssets, line 298: WEBGL_debug_renderer_info is deprecated in Firefox and will be removed. Please use RENDERER.
JavaScript error: resource://gre/actors/FormHandlerChild.sys.mjs, line 103: InvalidStateError: JSWindowActorChild.document getter: Cannot access property 'document' after actor 'FormHandler' has been destroyed
JavaScript warning: https://www.amazon.in/product-reviews/B0DBRL1SYQ/ref=cm_cr_dp_d_show_all_btm?ie=UTF8&reviewerType=all_reviews, line 4271: WEBGL_debug_renderer_info is deprecated in Firefox and will be removed. Please use RENDERER.
[Parent 16380, IPC I/O Parent] WARNING: Failed to launch utility subprocess @SetSecurityLevelForUtilityProcess (Error:0): file /builds/worker/checkouts/gecko/ipc/glue/GeckoChildProcessHost.cpp:805
[Parent 16380, IPC I/O Parent] WARNING: Failed to launch utility subprocess @SetSecurityLevelForUtilityProcess (Error:0): file /builds/worker/checkouts/gecko/ipc/glue/GeckoChildProcessHost.cpp:805
[Parent 16380, IPC I/O Parent] WARNING: Failed to launch utility subprocess @SetSecurityLevelForUtilityProcess (Error:0): file /builds/worker/checkouts/gecko/ipc/glue/GeckoChildProcessHost.cpp:805
[Parent 16380, IPC I/O Parent] WARNING: Failed to launch utility subprocess @SetSecurityLevelForUtilityProcess (Error:0): file /builds/worker/checkouts/gecko/ipc/glue/GeckoChildProcessHost.cpp:805
JavaScript warning: https://m.media-amazon.com/images/I/71hE7IvdPvL.js?AUIClients/FWCIMAssets, line 298: WEBGL_debug_renderer_info is deprecated in Firefox and will be removed. Please use RENDERER.
[Parent 16380, IPC I/O Parent] WARNING: Failed to launch utility subprocess @SetSecurityLevelForUtilityProcess (Error:0): file /builds/worker/checkouts/gecko/ipc/glue/GeckoChildProcessHost.cpp:805
[Parent 16380, IPC I/O Parent] WARNING: Failed to launch utility subprocess @SetSecurityLevelForUtilityProcess (Error:0): file /builds/worker/checkouts/gecko/ipc/glue/GeckoChildProcessHost.cpp:805
[Parent 16380, IPC I/O Parent] WARNING: Failed to launch utility subprocess @SetSecurityLevelForUtilityProcess (Error:0): file /builds/worker/checkouts/gecko/ipc/glue/GeckoChildProcessHost.cpp:805
[Parent 16380, IPC I/O Parent] WARNING: Failed to launch utility subprocess @SetSecurityLevelForUtilityProcess (Error:0): file /builds/worker/checkouts/gecko/ipc/glue/GeckoChildProcessHost.cpp:805
1745130179571	Marionette	INFO	Stopped listening on port 51807
JavaScript warning: https://images-eu.ssl-images-amazon.com/images/I/514I0Eu-jKL._RC|71QU8anchEL.js,01F+A05ogQL.js,01VfhmbHmKL.js,71a9SkUZv7L.js,01cZ21lATAL.js,01bAfFgS7JL.js,01A2AtmCtlL.js,41jBieyCvYL.js,01wXnKULArL.js,01+pnQJuQ0L.js,21Nno1jWfVL.js,41zFN9UysJL.js,51bqZ2XqJyL.js,31XO9BO1OrL.js,11lw6J7z8iL.js,31NSDarX4TL.js,01VYGE8lGhL.js_.js?AUIClients/NavDesktopUberAsset#desktop.language-en.in.1173925-T1.1089549-T1.1051334-T1.1195494-T1.1126664-T1.310484-T1.1179039-T1.1172084-T1.1195549-T1, line 135: Script terminated by timeout at:
onEnter/y<@https://images-eu.ssl-images-amazon.com/images/I/514I0Eu-jKL._RC|71QU8anchEL.js,01F+A05ogQL.js,01VfhmbHmKL.js,71a9SkUZv7L.js,01cZ21lATAL.js,01bAfFgS7JL.js,01A2AtmCtlL.js,41jBieyCvYL.js,01wXnKULArL.js,01+pnQJuQ0L.js,21Nno1jWfVL.js,41zFN9UysJL.js,51bqZ2XqJyL.js,31XO9BO1OrL.js,11lw6J7z8iL.js,31NSDarX4TL.js,01VYGE8lGhL.js_.js?AUIClients/NavDesktopUberAsset#desktop.language-en.in.1173925-T1.1089549-T1.1051334-T1.1195494-T1.1126664-T1.310484-T1.1179039-T1.1172084-T1.1195549-T1:135:173

Dynamically enable window occlusion 1
]]></system-err>
  </testcase>
</testsuite>