<?xml version="1.0" encoding="UTF-8"?>
<!-- Generated by org.testng.reporters.JUnitReportReporter -->
<testsuite hostname="LOXTIPL0012959" failures="0" tests="1" name="AMZEcommerceTest.AMZONReviewTest" time="120.621" errors="0" timestamp="2025-04-18T19:59:11 IST" skipped="0">
  <testcase classname="AMZEcommerceTest.AMZONReviewTest" name="landonpage" time="120.621"/>
  <system-out/>
</testsuite> <!-- AMZEcommerceTest.AMZONReviewTest -->
