<?xml version="1.0" encoding="UTF-8"?>
<!-- Generated by org.testng.reporters.JUnitReportReporter -->
<testsuite hostname="LOXTIPL0012959" failures="0" tests="2" name="AMZEcommerceTest.AMZONReviewTestMozila" time="231.954" errors="0" timestamp="2025-04-20T11:53:04 IST" skipped="0">
  <testcase classname="AMZEcommerceTest.AMZONReviewTestMozila" name="landonpageM" time="128.087"/>
  <system-out/>
  <testcase classname="AMZEcommerceTest.AMZONReviewTestMozila" name="landonpageM" time="103.867"/>
  <system-out/>
</testsuite> <!-- AMZEcommerceTest.AMZONReviewTestMozila -->
