<?xml version="1.0" encoding="UTF-8"?>
<!-- Generated by org.testng.reporters.JUnitReportReporter -->
<testsuite hostname="LOXTIPL0012959" failures="0" tests="1" name="AMZEcommerceTest.AMZONReviewTestMozila" time="113.820" errors="0" timestamp="2025-04-18T20:30:09 IST" skipped="0">
  <testcase classname="AMZEcommerceTest.AMZONReviewTestMozila" name="landonpageM" time="113.820"/>
  <system-out/>
</testsuite> <!-- AMZEcommerceTest.AMZONReviewTestMozila -->
