<?xml version="1.0" encoding="UTF-8"?>
<!-- Generated by org.testng.reporters.JUnitReportReporter -->
<testsuite hostname="LOXTIPL0012959" failures="0" tests="1" name="AMZEcommerceTest.AMZONReviewTest" time="135.569" errors="0" timestamp="2025-04-20T16:30:20 IST" skipped="0">
  <testcase classname="AMZEcommerceTest.AMZONReviewTest" name="landonpage" time="135.569"/>
  <system-out/>
</testsuite> <!-- AMZEcommerceTest.AMZONReviewTest -->
