<?xml version="1.0" encoding="UTF-8"?>
<!-- Generated by org.testng.reporters.JUnitReportReporter -->
<testsuite hostname="LOXTIPL0012959" failures="0" tests="1" name="AMZEcommerceTest.AMZONReviewTest" time="119.552" errors="0" timestamp="2025-04-20T18:07:43 IST" skipped="0">
  <testcase classname="AMZEcommerceTest.AMZONReviewTest" name="landonpage" time="119.552"/>
  <system-out/>
</testsuite> <!-- AMZEcommerceTest.AMZONReviewTest -->
