<?xml version="1.0" encoding="UTF-8"?>
<!-- Generated by org.testng.reporters.JUnitReportReporter -->
<testsuite hostname="LOXTIPL0012959" failures="0" tests="2" name="AMZEcommerceTest.AMZONReviewTestMozila" time="220.519" errors="0" timestamp="2025-04-20T16:30:20 IST" skipped="0">
  <testcase classname="AMZEcommerceTest.AMZONReviewTestMozila" name="landonpageM" time="106.434"/>
  <system-out/>
  <testcase classname="AMZEcommerceTest.AMZONReviewTestMozila" name="landonpageM" time="114.085"/>
  <system-out/>
</testsuite> <!-- AMZEcommerceTest.AMZONReviewTestMozila -->
